Command: /home/ICer/workspace/ske/prj/Avenger/sim/./simv -l sim.log
Chronologic VCS simulator copyright 1991-2018
Contains Synopsys proprietary information.
Compiler version O-2018.09-SP2_Full64; Runtime version O-2018.09-SP2_Full64;  Oct  8 23:11 2021
*Verdi* Loading libsscore_vcs201809.so
FSDB Dumper for VCS, Release Verdi_O-2018.09-SP2, Linux x86_64/64bit, 02/21/2019
(C) 1996 - 2019 by Synopsys, Inc.
*Verdi* FSDB WARNING: The FSDB file already exists. Overwriting the FSDB file may crash the programs that are using this file.
*Verdi* : Create FSDB file 'testbench.fsdb'
*Verdi* ERROR: The #1 argument "+parameter,+struct" is invalid
*Verdi* ERROR: Failed to dump because the specified instance or option is not correct
*Verdi* ERROR: Syntax - $fsdbDumpvars([depth,][instance][,option]*);	: /home/ICer/workspace/ske/prj/Avenger/tb/testbench.sv(56)
*Verdi* : Begin traversing the scopes, layer (0).
*Verdi* : Enable +all dumping.
*Verdi* : End of traversing.
$finish called from file "/home/ICer/workspace/ske/prj/Avenger/tb/testbench.sv", line 41.
$finish at simulation time               115000
           V C S   S i m u l a t i o n   R e p o r t 
Time: 1150000 ps
CPU Time:      0.220 seconds;       Data structure size:   0.0Mb
Fri Oct  8 23:11:20 2021
