*design* DebussyLib (btIdent Verdi_O-2018.09-SP2)
Command arguments:
    +define+verilog
    -sverilog
    +v2k
    -f /home/ICer/workspace/ske/prj/Avenger/tb/tb.f
        /home/ICer/workspace/ske/prj/Avenger/tb/testbench.sv
        -f /home/ICer/workspace/ske/prj/Avenger/flist/flist.f
            -f /home/ICer/workspace/ske/prj/Avenger/core/milano/flist/milano.f
                /home/ICer/workspace/ske/prj/Avenger/core/milano/rtl/milano_pkg.sv
                /home/ICer/workspace/ske/prj/Avenger/core/milano/rtl/fecth_reg.sv
                /home/ICer/workspace/ske/prj/Avenger/core/milano/rtl/if_id_reg.sv
                /home/ICer/workspace/ske/prj/Avenger/core/milano/rtl/decoder.sv
                /home/ICer/workspace/ske/prj/Avenger/core/milano/rtl/id_ex_reg.sv
                /home/ICer/workspace/ske/prj/Avenger/core/milano/rtl/reg_file.sv
                /home/ICer/workspace/ske/prj/Avenger/core/milano/rtl/alu.sv
                /home/ICer/workspace/ske/prj/Avenger/core/milano/rtl/if_stage.sv
                /home/ICer/workspace/ske/prj/Avenger/core/milano/rtl/id_stage.sv
                /home/ICer/workspace/ske/prj/Avenger/core/milano/rtl/ex_stage.sv
                /home/ICer/workspace/ske/prj/Avenger/core/milano/rtl/milano.sv
    -top
    testbench


*Warning* too many digits in hexadecimal
"/home/ICer/workspace/ske/prj/Avenger/core/milano/rtl/milano_pkg.sv", 21: 

*Warning* too many digits in hexadecimal
"/home/ICer/workspace/ske/prj/Avenger/core/milano/rtl/milano_pkg.sv", 22: 
Highest level modules:
testbench


*Warning* port sizes differ (32 vs 1) in port connection (port boot_addr_i)
"/home/ICer/workspace/ske/prj/Avenger/tb/testbench.sv", 23: 

*Warning* port sizes differ (32 vs 1) in port connection (port instr_addr_o)
"/home/ICer/workspace/ske/prj/Avenger/tb/testbench.sv", 25: 

*Warning* port sizes differ (1 vs 32) in port connection (port boot_addr_i)
"/home/ICer/workspace/ske/prj/Avenger/core/milano/rtl/if_stage.sv", 29: 

*Warning* port sizes differ (32 vs 1) in port connection (port instr_addr_id_o)
"/home/ICer/workspace/ske/prj/Avenger/core/milano/rtl/if_stage.sv", 41: 

*Warning* port sizes differ (32 vs 5) in port connection (port rd_addr_i)
"/home/ICer/workspace/ske/prj/Avenger/core/milano/rtl/ex_stage.sv", 20: 
Total	0 error(s),   7 warning(s)
